inicia_tsc
inicia_tsa_main
abrir_ambito_ppal_main
buscar declarar_main main_v1: No encontrado: se puede declarar
insertar_tsa_main main_v1 1 1 1 3 2

=================== main =================

****************Posicion 50 ******************
main_v1	VARIABLE	POS_LOCAL: 0	POS ATR. INSTANCIA 0 Y ACUMULADA 0	CLASE: ESCALAR	TIPO: ENTERO	DIR: 0	ACCESO: 3	MIEMBRO: 2	

****************Posicion 93 ******************
main_main	CLASE	ES CLASE CON 0 ATR CLASE, 0 ATR INSTANCIA, 0 MET. SOBR. 0 MET. NO SOBR. 0 ACUM ATR INS Y 0 ACUM MET SOBR.

abrir_clase AA.
buscar declarar_miembro_clase AA AA_a1: No encontrado: se puede declarar
insertar_tsc AA AA_a1 7 1 1 3 1

=================== AA =================

****************Posicion 144 ******************
AA_AA	CLASE	ES CLASE CON 0 ATR CLASE, 0 ATR INSTANCIA, 0 MET. SOBR. 0 MET. NO SOBR. 0 ACUM ATR INS Y 0 ACUM MET SOBR.


****************Posicion 160 ******************
AA_a1	ATRIBUTO CLASE	CLASE: ESCALAR	TIPO: ENTERO	DIR: 0	ACCESO: 3	MIEMBRO: 1	
buscar declarar_miembro_instancia AA AA_sa1: No encontrado: se puede declarar
insertar_tsc AA AA_sa1 8 1 1 2 2

=================== AA =================

****************Posicion 64 ******************
AA_sa1	ATRIBUTO INSTANCIA	POS ATR. INSTANCIA 0 Y ACUMULADA 0	CLASE: ESCALAR	TIPO: ENTERO	DIR: 0	ACCESO: 2	MIEMBRO: 2	

****************Posicion 144 ******************
AA_AA	CLASE	ES CLASE CON 0 ATR CLASE, 0 ATR INSTANCIA, 0 MET. SOBR. 0 MET. NO SOBR. 0 ACUM ATR INS Y 0 ACUM MET SOBR.


****************Posicion 160 ******************
AA_a1	ATRIBUTO CLASE	CLASE: ESCALAR	TIPO: ENTERO	DIR: 0	ACCESO: 3	MIEMBRO: 1	
buscar declarar_miembro_instancia AA AA_mA1@1: No encontrado: se puede declarar
abrir_ambito_tsc AA AA_mA1@1 5 1 3 2

=================== mA1@1 =================

****************Posicion 139 ******************
AA_mA1@1	METODO SOBREESCRIBIBLE	TIPO: ENTERO	CLASE: (null)	#PAR: 0	#LOCAL: 0	ACCESO: 3	MIEMBRO: 2	

=================== AA =================

****************Posicion 64 ******************
AA_sa1	ATRIBUTO INSTANCIA	POS ATR. INSTANCIA 0 Y ACUMULADA 0	CLASE: ESCALAR	TIPO: ENTERO	DIR: 0	ACCESO: 2	MIEMBRO: 2	

****************Posicion 139 ******************
AA_mA1@1	METODO SOBREESCRIBIBLE	POS METODO: 0 Y ACUMULADA 0	TIPO: ENTERO	CLASE: (null)	#PAR: 0	#LOCAL: 0	ACCESO: 3	MIEMBRO: 2	

****************Posicion 144 ******************
AA_AA	CLASE	ES CLASE CON 0 ATR CLASE, 0 ATR INSTANCIA, 0 MET. SOBR. 0 MET. NO SOBR. 0 ACUM ATR INS Y 0 ACUM MET SOBR.


****************Posicion 160 ******************
AA_a1	ATRIBUTO CLASE	CLASE: ESCALAR	TIPO: ENTERO	DIR: 0	ACCESO: 3	MIEMBRO: 1	
buscar declarar_id_local_metodo AA mA1@1_pmA1: No encontrado: se puede declarar
insertar_tsc AA mA1@1_pmA1 2 1 1 3 2

=================== mA1@1 =================

****************Posicion 133 ******************
mA1@1_pmA1	PARAMETRO	POS_PAR: 0	POS_LOCAL: 0	CLASE: ESCALAR	TIPO: ENTERO	DIR: 0	ACCESO: 3	MIEMBRO: 2	

****************Posicion 139 ******************
AA_mA1@1	METODO SOBREESCRIBIBLE	TIPO: ENTERO	CLASE: (null)	#PAR: 0	#LOCAL: 0	ACCESO: 3	MIEMBRO: 2	

=================== AA =================

****************Posicion 64 ******************
AA_sa1	ATRIBUTO INSTANCIA	POS ATR. INSTANCIA 0 Y ACUMULADA 0	CLASE: ESCALAR	TIPO: ENTERO	DIR: 0	ACCESO: 2	MIEMBRO: 2	

****************Posicion 139 ******************
AA_mA1@1	METODO SOBREESCRIBIBLE	POS METODO: 0 Y ACUMULADA 0	TIPO: ENTERO	CLASE: (null)	#PAR: 0	#LOCAL: 0	ACCESO: 3	MIEMBRO: 2	

****************Posicion 144 ******************
AA_AA	CLASE	ES CLASE CON 0 ATR CLASE, 0 ATR INSTANCIA, 0 MET. SOBR. 0 MET. NO SOBR. 0 ACUM ATR INS Y 0 ACUM MET SOBR.


****************Posicion 160 ******************
AA_a1	ATRIBUTO CLASE	CLASE: ESCALAR	TIPO: ENTERO	DIR: 0	ACCESO: 3	MIEMBRO: 1	
buscar declarar_id_local_metodo AA mA1@1_vlmA1: No encontrado: se puede declarar
insertar_tsc AA mA1@1_vlmA1 1 1 1 3 2

=================== mA1@1 =================

****************Posicion 36 ******************
mA1@1_vlmA1	VARIABLE	POS_LOCAL: 0	CLASE: ESCALAR	TIPO: ENTERO	DIR: 0	ACCESO: 3	MIEMBRO: 2	

****************Posicion 133 ******************
mA1@1_pmA1	PARAMETRO	POS_PAR: 0	POS_LOCAL: 0	CLASE: ESCALAR	TIPO: ENTERO	DIR: 0	ACCESO: 3	MIEMBRO: 2	

****************Posicion 139 ******************
AA_mA1@1	METODO SOBREESCRIBIBLE	TIPO: ENTERO	CLASE: (null)	#PAR: 0	#LOCAL: 0	ACCESO: 3	MIEMBRO: 2	

=================== AA =================

****************Posicion 64 ******************
AA_sa1	ATRIBUTO INSTANCIA	POS ATR. INSTANCIA 0 Y ACUMULADA 0	CLASE: ESCALAR	TIPO: ENTERO	DIR: 0	ACCESO: 2	MIEMBRO: 2	

****************Posicion 139 ******************
AA_mA1@1	METODO SOBREESCRIBIBLE	POS METODO: 0 Y ACUMULADA 0	TIPO: ENTERO	CLASE: (null)	#PAR: 0	#LOCAL: 0	ACCESO: 3	MIEMBRO: 2	

****************Posicion 144 ******************
AA_AA	CLASE	ES CLASE CON 0 ATR CLASE, 0 ATR INSTANCIA, 0 MET. SOBR. 0 MET. NO SOBR. 0 ACUM ATR INS Y 0 ACUM MET SOBR.


****************Posicion 160 ******************
AA_a1	ATRIBUTO CLASE	CLASE: ESCALAR	TIPO: ENTERO	DIR: 0	ACCESO: 3	MIEMBRO: 1	
buscar id_no_cualificado AA v1: Encontrado en main
buscar id_no_cualificado AA x: No encontrado
cerrar_ambito_tsc AA.
cerrar_clase AA.
buscar declarar_main main_f1@3: No encontrado: se puede declarar
abrir_ambito_tsa_main main_f1@3 1.

=================== f1@3 =================

****************Posicion 149 ******************
main_f1@3	FUNCION	TIPO: ENTERO	CLASE: (null)	#PAR: 0	#LOCAL: 0	ACCESO: 0	MIEMBRO: 0	

=================== main =================

****************Posicion 50 ******************
main_v1	VARIABLE	POS_LOCAL: 0	POS ATR. INSTANCIA 0 Y ACUMULADA 0	CLASE: ESCALAR	TIPO: ENTERO	DIR: 0	ACCESO: 3	MIEMBRO: 2	

****************Posicion 93 ******************
main_main	CLASE	ES CLASE CON 0 ATR CLASE, 0 ATR INSTANCIA, 0 MET. SOBR. 0 MET. NO SOBR. 0 ACUM ATR INS Y 0 ACUM MET SOBR.


****************Posicion 149 ******************
main_f1@3	FUNCION	POS METODO: 0 Y ACUMULADA 0	TIPO: ENTERO	CLASE: (null)	#PAR: 0	#LOCAL: 0	ACCESO: 0	MIEMBRO: 0	
buscar declarar_main f1@3_pf1: No encontrado: se puede declarar
insertar_tsa_main f1@3_pf1 2 1 1 3 2

=================== f1@3 =================

****************Posicion 149 ******************
main_f1@3	FUNCION	TIPO: ENTERO	CLASE: (null)	#PAR: 0	#LOCAL: 0	ACCESO: 0	MIEMBRO: 0	

****************Posicion 202 ******************
f1@3_pf1	PARAMETRO	POS_PAR: 0	POS_LOCAL: 0	CLASE: ESCALAR	TIPO: ENTERO	DIR: 0	ACCESO: 3	MIEMBRO: 2	

=================== main =================

****************Posicion 50 ******************
main_v1	VARIABLE	POS_LOCAL: 0	POS ATR. INSTANCIA 0 Y ACUMULADA 0	CLASE: ESCALAR	TIPO: ENTERO	DIR: 0	ACCESO: 3	MIEMBRO: 2	

****************Posicion 93 ******************
main_main	CLASE	ES CLASE CON 0 ATR CLASE, 0 ATR INSTANCIA, 0 MET. SOBR. 0 MET. NO SOBR. 0 ACUM ATR INS Y 0 ACUM MET SOBR.


****************Posicion 149 ******************
main_f1@3	FUNCION	POS METODO: 0 Y ACUMULADA 0	TIPO: ENTERO	CLASE: (null)	#PAR: 0	#LOCAL: 0	ACCESO: 0	MIEMBRO: 0	
buscar declarar_main f1@3_vlf11: No encontrado: se puede declarar
insertar_tsa_main f1@3_vlf11 1 1 1 3 2

=================== f1@3 =================

****************Posicion 149 ******************
main_f1@3	FUNCION	TIPO: ENTERO	CLASE: (null)	#PAR: 0	#LOCAL: 0	ACCESO: 0	MIEMBRO: 0	

****************Posicion 154 ******************
f1@3_vlf11	VARIABLE	POS_LOCAL: 0	CLASE: ESCALAR	TIPO: ENTERO	DIR: 0	ACCESO: 3	MIEMBRO: 2	

****************Posicion 202 ******************
f1@3_pf1	PARAMETRO	POS_PAR: 0	POS_LOCAL: 0	CLASE: ESCALAR	TIPO: ENTERO	DIR: 0	ACCESO: 3	MIEMBRO: 2	

=================== main =================

****************Posicion 50 ******************
main_v1	VARIABLE	POS_LOCAL: 0	POS ATR. INSTANCIA 0 Y ACUMULADA 0	CLASE: ESCALAR	TIPO: ENTERO	DIR: 0	ACCESO: 3	MIEMBRO: 2	

****************Posicion 93 ******************
main_main	CLASE	ES CLASE CON 0 ATR CLASE, 0 ATR INSTANCIA, 0 MET. SOBR. 0 MET. NO SOBR. 0 ACUM ATR INS Y 0 ACUM MET SOBR.


****************Posicion 149 ******************
main_f1@3	FUNCION	POS METODO: 0 Y ACUMULADA 0	TIPO: ENTERO	CLASE: (null)	#PAR: 0	#LOCAL: 0	ACCESO: 0	MIEMBRO: 0	
buscar id_no_cualificado main pf1: Encontrado en f1@3
buscar id_no_cualificado main v1: Encontrado en main
buscar id_no_cualificado main a1: No encontrado
buscar id_no_cualificado main vlf11: Encontrado en f1@3
buscar id_no_cualificado main vlf11: Encontrado en f1@3
cerrar_ambito_tsa_main.
buscar id_no_cualificado main v1: Encontrado en main
buscar id_no_cualificado main x: No encontrado
cerrar_tsa_main.
cerrar_tsc.
